<?xml version="1.0" encoding="UTF-8"?>
<!-- Generated by org.testng.reporters.JUnitReportReporter -->
<testsuite skipped="0" hostname="BBL33M3K72" name="com.crm.qa.testcases.HomePageTest" tests="3" failures="0" timestamp="05 Feb 2019 21:57:44 GMT" time="29.267" errors="0">
  <testcase name="verifyHomePageTitleTest" time="12.478" classname="com.crm.qa.testcases.HomePageTest"/>
  <testcase name="verifyUserNameTest" time="8.177" classname="com.crm.qa.testcases.HomePageTest"/>
  <testcase name="verifyContactsLinkTest" time="8.612" classname="com.crm.qa.testcases.HomePageTest"/>
</testsuite> <!-- com.crm.qa.testcases.HomePageTest -->
