<?xml version="1.0" encoding="UTF-8"?>
<!-- Generated by org.testng.reporters.JUnitReportReporter -->
<testsuite skipped="0" hostname="DESKTOP-4SR5SO5" name="com.crm.qa.testcases.HomePageTest" tests="3" failures="0" timestamp="26 Jan 2019 16:01:22 GMT" time="63.283" errors="0">
  <testcase name="verifyHomePageTitleTest" time="13.679" classname="com.crm.qa.testcases.HomePageTest"/>
  <testcase name="verifyUserNameTest" time="31.943" classname="com.crm.qa.testcases.HomePageTest"/>
  <testcase name="verifyContactsLinkTest" time="17.661" classname="com.crm.qa.testcases.HomePageTest"/>
</testsuite> <!-- com.crm.qa.testcases.HomePageTest -->
