<?xml version="1.0" encoding="UTF-8"?>
<!-- Generated by org.testng.reporters.JUnitReportReporter -->
<testsuite skipped="0" hostname="DESKTOP-4SR5SO5" name="com.crm.qa.testcases.LoginPageTest" tests="3" failures="0" timestamp="25 Jan 2019 17:22:43 GMT" time="43.848" errors="0">
  <testcase name="loginPageTitleTest" time="19.686" classname="com.crm.qa.testcases.LoginPageTest"/>
  <testcase name="crmLogoImageTest" time="11.766" classname="com.crm.qa.testcases.LoginPageTest"/>
  <testcase name="loginTest" time="12.396" classname="com.crm.qa.testcases.LoginPageTest"/>
</testsuite> <!-- com.crm.qa.testcases.LoginPageTest -->
